<?xml version="1.0" encoding="UTF-8"?>
<robot generator="Robot 6.0 (Python 3.10.8 on win32)" generated="20221027 10:22:47.409" rpa="false" schemaversion="3">
<suite id="s1" name="Comprar Passagem Lista" source="C:\Users\A426692\PycharmProjects\robot_framework_fts134\tests\web\comprar_passagem_lista.robot">
<test id="s1-t1" name="Passagem Paris-Buenos Aires" line="13">
<kw name="Abrir Navegador" library="base" type="SETUP">
<kw name="Open Browser" library="SeleniumLibrary">
<arg>${url}</arg>
<arg>${browser}</arg>
<doc>Opens a new browser instance to the optional ``url``.</doc>
<msg timestamp="20221027 10:22:47.643" level="INFO">Opening browser 'Chrome' to base url 'https://blazedemo.com'.</msg>
<status status="PASS" starttime="20221027 10:22:47.643" endtime="20221027 10:22:50.193"/>
</kw>
<status status="PASS" starttime="20221027 10:22:47.643" endtime="20221027 10:22:50.193"/>
</kw>
<kw name="Selecionar Origem e Destino">
<arg>Paris</arg>
<arg>Buenos Aires</arg>
<kw name="Selecionar origem e destino do voo" library="index">
<arg>${origem}</arg>
<arg>${destino}</arg>
<msg timestamp="20221027 10:22:50.194" level="FAIL">Keyword 'index.Selecionar origem e destino do voo' expected 0 arguments, got 2.</msg>
<status status="FAIL" starttime="20221027 10:22:50.194" endtime="20221027 10:22:50.194"/>
</kw>
<kw name="Validar o Titulo de Origem e Destino" library="reserve">
<arg>${origem}</arg>
<arg>${destino}</arg>
<status status="NOT RUN" starttime="20221027 10:22:50.194" endtime="20221027 10:22:50.194"/>
</kw>
<status status="FAIL" starttime="20221027 10:22:50.194" endtime="20221027 10:22:50.194"/>
</kw>
<kw name="Fechar Navegador" library="base" type="TEARDOWN">
<kw name="Close Browser" library="SeleniumLibrary">
<doc>Closes the current browser.</doc>
<status status="PASS" starttime="20221027 10:22:50.195" endtime="20221027 10:22:52.343"/>
</kw>
<status status="PASS" starttime="20221027 10:22:50.195" endtime="20221027 10:22:52.343"/>
</kw>
<status status="FAIL" starttime="20221027 10:22:47.642" endtime="20221027 10:22:52.344">Keyword 'index.Selecionar origem e destino do voo' expected 0 arguments, got 2.</status>
</test>
<test id="s1-t2" name="Passagem-San Diego-Roma" line="14">
<kw name="Abrir Navegador" library="base" type="SETUP">
<kw name="Open Browser" library="SeleniumLibrary">
<arg>${url}</arg>
<arg>${browser}</arg>
<doc>Opens a new browser instance to the optional ``url``.</doc>
<msg timestamp="20221027 10:22:52.347" level="INFO">Opening browser 'Chrome' to base url 'https://blazedemo.com'.</msg>
<status status="PASS" starttime="20221027 10:22:52.347" endtime="20221027 10:22:54.715"/>
</kw>
<status status="PASS" starttime="20221027 10:22:52.345" endtime="20221027 10:22:54.715"/>
</kw>
<kw name="Selecionar Origem e Destino">
<arg>San Diego</arg>
<arg>Rome</arg>
<kw name="Selecionar origem e destino do voo" library="index">
<arg>${origem}</arg>
<arg>${destino}</arg>
<msg timestamp="20221027 10:22:54.717" level="FAIL">Keyword 'index.Selecionar origem e destino do voo' expected 0 arguments, got 2.</msg>
<status status="FAIL" starttime="20221027 10:22:54.716" endtime="20221027 10:22:54.717"/>
</kw>
<kw name="Validar o Titulo de Origem e Destino" library="reserve">
<arg>${origem}</arg>
<arg>${destino}</arg>
<status status="NOT RUN" starttime="20221027 10:22:54.717" endtime="20221027 10:22:54.717"/>
</kw>
<status status="FAIL" starttime="20221027 10:22:54.716" endtime="20221027 10:22:54.717"/>
</kw>
<kw name="Fechar Navegador" library="base" type="TEARDOWN">
<kw name="Close Browser" library="SeleniumLibrary">
<doc>Closes the current browser.</doc>
<status status="PASS" starttime="20221027 10:22:54.718" endtime="20221027 10:22:56.844"/>
</kw>
<status status="PASS" starttime="20221027 10:22:54.717" endtime="20221027 10:22:56.844"/>
</kw>
<status status="FAIL" starttime="20221027 10:22:52.345" endtime="20221027 10:22:56.845">Keyword 'index.Selecionar origem e destino do voo' expected 0 arguments, got 2.</status>
</test>
<test id="s1-t3" name="CT22-Boston-London" line="15">
<kw name="Abrir Navegador" library="base" type="SETUP">
<kw name="Open Browser" library="SeleniumLibrary">
<arg>${url}</arg>
<arg>${browser}</arg>
<doc>Opens a new browser instance to the optional ``url``.</doc>
<msg timestamp="20221027 10:22:56.850" level="INFO">Opening browser 'Chrome' to base url 'https://blazedemo.com'.</msg>
<status status="PASS" starttime="20221027 10:22:56.849" endtime="20221027 10:22:59.326"/>
</kw>
<status status="PASS" starttime="20221027 10:22:56.849" endtime="20221027 10:22:59.326"/>
</kw>
<kw name="Selecionar Origem e Destino">
<arg>Boston</arg>
<arg>London</arg>
<kw name="Selecionar origem e destino do voo" library="index">
<arg>${origem}</arg>
<arg>${destino}</arg>
<msg timestamp="20221027 10:22:59.327" level="FAIL">Keyword 'index.Selecionar origem e destino do voo' expected 0 arguments, got 2.</msg>
<status status="FAIL" starttime="20221027 10:22:59.327" endtime="20221027 10:22:59.327"/>
</kw>
<kw name="Validar o Titulo de Origem e Destino" library="reserve">
<arg>${origem}</arg>
<arg>${destino}</arg>
<status status="NOT RUN" starttime="20221027 10:22:59.327" endtime="20221027 10:22:59.327"/>
</kw>
<status status="FAIL" starttime="20221027 10:22:59.326" endtime="20221027 10:22:59.328"/>
</kw>
<kw name="Fechar Navegador" library="base" type="TEARDOWN">
<kw name="Close Browser" library="SeleniumLibrary">
<doc>Closes the current browser.</doc>
<status status="PASS" starttime="20221027 10:22:59.328" endtime="20221027 10:23:01.449"/>
</kw>
<status status="PASS" starttime="20221027 10:22:59.328" endtime="20221027 10:23:01.449"/>
</kw>
<status status="FAIL" starttime="20221027 10:22:56.848" endtime="20221027 10:23:01.449">Keyword 'index.Selecionar origem e destino do voo' expected 0 arguments, got 2.</status>
</test>
<doc>Realizar compra de passagem a partir de uma lista</doc>
<status status="FAIL" starttime="20221027 10:22:47.411" endtime="20221027 10:23:01.451"/>
</suite>
<statistics>
<total>
<stat pass="0" fail="3" skip="0">All Tests</stat>
</total>
<tag>
</tag>
<suite>
<stat pass="0" fail="3" skip="0" id="s1" name="Comprar Passagem Lista">Comprar Passagem Lista</stat>
</suite>
</statistics>
<errors>
</errors>
</robot>
